<?xml version="1.0" encoding="UTF-8"?>
<testsuite xmlns:xsi="http://www.w3.org/2001/XMLSchema-instance" xsi:noNamespaceSchemaLocation="https://maven.apache.org/surefire/maven-surefire-plugin/xsd/surefire-test-report.xsd" name="com.example.AppTest" time="0.045" tests="2" errors="0" skipped="0" failures="0">
  <properties>
    <property name="sun.desktop" value="windows"/>
    <property name="awt.toolkit" value="sun.awt.windows.WToolkit"/>
    <property name="java.specification.version" value="11"/>
    <property name="sun.cpu.isalist" value="amd64"/>
    <property name="sun.jnu.encoding" value="Cp1252"/>
    <property name="java.class.path" value="c:\Users\demo\Documents\JavaTest\TestAppJava\demo\target\test-classes;c:\Users\demo\Documents\JavaTest\TestAppJava\demo\target\classes;C:\Users\demo\.m2\repository\junit\junit\4.11\junit-4.11.jar;C:\Users\demo\.m2\repository\org\hamcrest\hamcrest-core\1.3\hamcrest-core-1.3.jar;"/>
    <property name="java.vm.vendor" value="Oracle Corporation"/>
    <property name="sun.arch.data.model" value="64"/>
    <property name="user.variant" value=""/>
    <property name="java.vendor.url" value="https://openjdk.java.net/"/>
    <property name="user.timezone" value="UTC"/>
    <property name="java.vm.specification.version" value="11"/>
    <property name="os.name" value="Windows Server 2019"/>
    <property name="sun.java.launcher" value="SUN_STANDARD"/>
    <property name="user.country" value="US"/>
    <property name="sun.boot.library.path" value="C:\Program Files\OpenJDK\openjdk-11.0.15_10\bin"/>
    <property name="sun.java.command" value="C:\Users\demo\AppData\Local\Temp\1\surefire10506120944578843397\surefirebooter7384407342402015667.jar C:\Users\demo\AppData\Local\Temp\1\surefire10506120944578843397 2023-06-09T13-08-38_574-jvmRun1 surefire12782624883001881335tmp surefire_02820171063193089271tmp"/>
    <property name="jdk.debug" value="release"/>
    <property name="surefire.test.class.path" value="c:\Users\demo\Documents\JavaTest\TestAppJava\demo\target\test-classes;c:\Users\demo\Documents\JavaTest\TestAppJava\demo\target\classes;C:\Users\demo\.m2\repository\junit\junit\4.11\junit-4.11.jar;C:\Users\demo\.m2\repository\org\hamcrest\hamcrest-core\1.3\hamcrest-core-1.3.jar;"/>
    <property name="sun.cpu.endian" value="little"/>
    <property name="user.home" value="C:\Users\demo"/>
    <property name="user.language" value="en"/>
    <property name="java.specification.vendor" value="Oracle Corporation"/>
    <property name="java.version.date" value="2022-04-19"/>
    <property name="java.home" value="C:\Program Files\OpenJDK\openjdk-11.0.15_10"/>
    <property name="file.separator" value="\"/>
    <property name="basedir" value="c:\Users\demo\Documents\JavaTest\TestAppJava\demo"/>
    <property name="java.vm.compressedOopsMode" value="32-bit"/>
    <property name="line.separator" value="&#10;"/>
    <property name="java.specification.name" value="Java Platform API Specification"/>
    <property name="java.vm.specification.vendor" value="Oracle Corporation"/>
    <property name="java.awt.graphicsenv" value="sun.awt.Win32GraphicsEnvironment"/>
    <property name="surefire.real.class.path" value="C:\Users\demo\AppData\Local\Temp\1\surefire10506120944578843397\surefirebooter7384407342402015667.jar"/>
    <property name="user.script" value=""/>
    <property name="sun.management.compiler" value="HotSpot 64-Bit Tiered Compilers"/>
    <property name="java.runtime.version" value="11.0.15+10"/>
    <property name="user.name" value="demo"/>
    <property name="path.separator" value=";"/>
    <property name="os.version" value="10.0"/>
    <property name="java.runtime.name" value="OpenJDK Runtime Environment"/>
    <property name="file.encoding" value="Cp1252"/>
    <property name="java.vm.name" value="OpenJDK 64-Bit Server VM"/>
    <property name="java.vendor.version" value="18.9"/>
    <property name="localRepository" value="C:\Users\demo\.m2\repository"/>
    <property name="java.vendor.url.bug" value="https://bugreport.java.com/bugreport/"/>
    <property name="java.io.tmpdir" value="C:\Users\demo\AppData\Local\Temp\1\"/>
    <property name="java.version" value="11.0.15"/>
    <property name="user.dir" value="c:\Users\demo\Documents\JavaTest\TestAppJava\demo"/>
    <property name="os.arch" value="amd64"/>
    <property name="java.vm.specification.name" value="Java Virtual Machine Specification"/>
    <property name="java.awt.printerjob" value="sun.awt.windows.WPrinterJob"/>
    <property name="sun.os.patch.level" value=""/>
    <property name="java.library.path" value="C:\Program Files\OpenJDK\openjdk-11.0.15_10\bin;C:\Windows\Sun\Java\bin;C:\Windows\system32;C:\Windows;C:\Program Files (x86)\Micro Focus\LoadRunner\bin;C:\program files (x86)\micro focus\UFT One\bin\WebDriver;C:\Program Files (x86)\Micro Focus\Reflection\;C:\Program Files\Micro Focus\NV\lib\shunra\vcat;C:\Program Files (x86)\Micro Focus\LoadRunner\bin\DevWeb;C:\Windows\system32;C:\Windows;C:\Windows\System32\Wbem;C:\Windows\System32\WindowsPowerShell\v1.0\;C:\Windows\System32\OpenSSH\;C:\ProgramData\chocolatey\bin;C:\opscode\chef\bin\;C:\Program Files\nodejs\;C:\Program Files\OpenJDK\openjdk-11.0.15_10\bin;C:\Program Files\OpenJDK\openjdk-8u332-b09\bin;C:\Program Files\PostgreSQL\12\bin;C:\ProgramData\chocolatey\lib\maven\apache-maven-3.8.6\bin;C:\Program Files\Git\cmd;C:\Strawberry\c\bin;C:\Strawberry\perl\site\bin;C:\Strawberry\perl\bin;C:\Program Files (x86)\Microsoft SQL Server\150\DTS\Binn\;C:\Program Files\Azure Data Studio\bin;C:\Program Files\Microsoft VS Code\bin;C:\Users\demo\AppData\Local\Microsoft\WindowsApps;C:\Users\demo\AppData\Roaming\npm;C:\tools\Cmder;C:\Program Files\Microsoft SQL Server\Client SDK\ODBC\170\Tools\Binn\;C:\Program Files (x86)\Microsoft SQL Server\150\Tools\Binn\;C:\Program Files\Microsoft SQL Server\150\Tools\Binn\;C:\Program Files\Microsoft SQL Server\150\DTS\Binn\;C:\Program Files (x86)\Silk\SilkTest;C:\Program Files (x86)\Silk\SilkTest\ng\gui;C:\Program Files (x86)\dotnet\;C:\Program Files (x86)\Micro Focus\UFT One\bin;C:\Users\demo\AppData\Local\Microsoft\WindowsApps;C:\Users\demo\AppData\Roaming\npm;C:\tools\Cmder;C:\Program Files\Azure Data Studio\bin;C:\Users\demo\AppData\Local\GitHubDesktop\bin;."/>
    <property name="java.vm.info" value="mixed mode"/>
    <property name="java.vendor" value="Oracle Corporation"/>
    <property name="java.vm.version" value="11.0.15+10"/>
    <property name="sun.io.unicode.encoding" value="UnicodeLittle"/>
    <property name="java.class.version" value="55.0"/>
  </properties>
  <testcase name="shouldAnswerWithTrue" classname="com.example.AppTest" time="0.001"/>
  <testcase name="shouldAnswerWithFalse" classname="com.example.AppTest" time="0"/>
</testsuite>